
[20-09-06 11:55:25] - http://passage.htb - _DynaCacheEsi/esiInvalidator - CONNECTION TIMEOUT: There was a problem in the request to: _DynaCacheEsi/esiInvalidator
[20-09-06 11:55:26] - http://passage.htb - _errors - CONNECTION TIMEOUT: There was a problem in the request to: _errors
[20-09-06 11:55:27] - http://passage.htb - _docs.en/readme.txt - CONNECTION TIMEOUT: There was a problem in the request to: _docs.en/readme.txt
[20-09-06 11:55:48] - http://passage.htb - _data/error_log - CONNECTION TIMEOUT: There was a problem in the request to: _data/error_log
[20-09-06 11:55:48] - http://passage.htb - _common.xsl - CONNECTION TIMEOUT: There was a problem in the request to: _common.xsl
[20-09-06 11:55:49] - http://passage.htb - _funcion/ - CONNECTION TIMEOUT: There was a problem in the request to: _funcion/
[20-09-06 11:56:01] - http://passage.htb - _functions/ - CONNECTION TIMEOUT: There was a problem in the request to: _functions/
[20-09-06 11:56:02] - http://passage.htb - _funciones/ - CONNECTION TIMEOUT: There was a problem in the request to: _funciones/
[20-09-06 11:56:10] - http://passage.htb - _data/ - CONNECTION TIMEOUT: There was a problem in the request to: _data/
[20-09-06 11:56:15] - http://passage.htb - _config.inc - CONNECTION TIMEOUT: There was a problem in the request to: _config.inc
[20-09-06 11:56:21] - http://passage.htb - _DynaCacheEsi - CONNECTION TIMEOUT: There was a problem in the request to: _DynaCacheEsi
[20-09-06 11:56:25] - http://passage.htb - _DynaCacheEsi/ - CONNECTION TIMEOUT: There was a problem in the request to: _DynaCacheEsi/
[20-09-06 11:56:32] - http://passage.htb - _inc/ - CONNECTION TIMEOUT: There was a problem in the request to: _inc/
[20-09-06 11:56:32] - http://passage.htb - _files - CONNECTION TIMEOUT: There was a problem in the request to: _files
[20-09-06 11:56:36] - http://passage.htb - _dbadmin - CONNECTION TIMEOUT: There was a problem in the request to: _dbadmin
[20-09-06 11:56:45] - http://passage.htb - _include - CONNECTION TIMEOUT: There was a problem in the request to: _include
[20-09-06 11:56:49] - http://passage.htb - _function/ - CONNECTION TIMEOUT: There was a problem in the request to: _function/
[20-09-06 11:56:57] - http://passage.htb - _index.php - CONNECTION TIMEOUT: There was a problem in the request to: _index.php
[20-09-06 11:57:05] - http://passage.htb - _fpclass/ - CONNECTION TIMEOUT: There was a problem in the request to: _fpclass/
[20-09-06 11:57:43] - http://passage.htb - .git/COMMIT_EDITMSG - CONNECTION TIMEOUT: There was a problem in the request to: .git/COMMIT_EDITMSG
[20-09-06 11:57:48] - http://passage.htb - .git/info/exclude - CONNECTION TIMEOUT: There was a problem in the request to: .git/info/exclude
[20-09-06 11:57:54] - http://passage.htb - .git/logs/ - CONNECTION TIMEOUT: There was a problem in the request to: .git/logs/
[20-09-06 11:58:06] - http://passage.htb - .git/config - CONNECTION TIMEOUT: There was a problem in the request to: .git/config
[20-09-06 11:58:14] - http://passage.htb - .git/info/ - CONNECTION TIMEOUT: There was a problem in the request to: .git/info/
[20-09-06 11:58:16] - http://passage.htb - .git/configf - CONNECTION TIMEOUT: There was a problem in the request to: .git/configf
[20-09-06 11:58:17] - http://passage.htb - .git/description - CONNECTION TIMEOUT: There was a problem in the request to: .git/description
[20-09-06 11:58:36] - http://passage.htb - .git/index - CONNECTION TIMEOUT: There was a problem in the request to: .git/index
[20-09-06 11:58:36] - http://passage.htb - .git/hooks/ - CONNECTION TIMEOUT: There was a problem in the request to: .git/hooks/
[20-09-06 11:58:36] - http://passage.htb - .git/head - CONNECTION TIMEOUT: There was a problem in the request to: .git/head
[20-09-06 11:58:40] - http://passage.htb - .git/logs/refs/heads - CONNECTION TIMEOUT: There was a problem in the request to: .git/logs/refs/heads
[20-09-06 11:58:49] - http://passage.htb - .git/info/attributes - CONNECTION TIMEOUT: There was a problem in the request to: .git/info/attributes
[20-09-06 11:58:54] - http://passage.htb - .git/logs/refs/remotes/origin/HEAD - CONNECTION TIMEOUT: There was a problem in the request to: .git/logs/refs/remotes/origin/HEAD
[20-09-06 11:58:57] - http://passage.htb - .git/FETCH_HEAD - CONNECTION TIMEOUT: There was a problem in the request to: .git/FETCH_HEAD
[20-09-06 11:59:10] - http://passage.htb - .git/logs/refs - CONNECTION TIMEOUT: There was a problem in the request to: .git/logs/refs
[20-09-06 11:59:12] - http://passage.htb - .git/logs/refs/heads/master - CONNECTION TIMEOUT: There was a problem in the request to: .git/logs/refs/heads/master
[20-09-06 11:59:16] - http://passage.htb - .git/packed-refs - CONNECTION TIMEOUT: There was a problem in the request to: .git/packed-refs